12-18 12:17 engineio.server INFO     Server initialized for threading.
12-18 12:17 werkzeug     WARNING  WebSocket transport not available. Install eventlet or gevent and gevent-websocket for improved performance.
12-18 12:17 werkzeug     WARNING   * Debugger is active!
12-18 12:17 werkzeug     INFO      * Debugger PIN: 180-614-959
12-18 12:17 theProject.server.api.bfxData INFO     Bitfinex: {'event': 'info', 'version': 2, 'serverId': 'c7b11339-c725-42f9-b7b9-8f1833fa7ad0', 'platform': {'status': 1}}
12-18 12:17 theProject.server.api.bfxData INFO     Bitfinex: {'event': 'subscribed', 'channel': 'ticker', 'chanId': 3138, 'symbol': 'tBTCUSD', 'pair': 'BTCUSD'}
12-18 12:17 theProject.server.api.bfxData INFO     New subscription: ticker tBTCUSD id:3138
12-18 12:17 socketio.server INFO     emitting event "event" to all [/]
12-18 12:17 theProject.server.api.bfxData INFO     Bitfinex: {'event': 'subscribed', 'channel': 'ticker', 'chanId': 111127, 'symbol': 'tLTCUSD', 'pair': 'LTCUSD'}
12-18 12:17 theProject.server.api.bfxData INFO     New subscription: ticker tLTCUSD id:111127
12-18 12:17 socketio.server INFO     emitting event "event" to all [/]
12-18 12:17 theProject.server.api.bfxData INFO     Bitfinex: {'event': 'subscribed', 'channel': 'ticker', 'chanId': 111128, 'symbol': 'tETHUSD', 'pair': 'ETHUSD'}
12-18 12:17 theProject.server.api.bfxData INFO     New subscription: ticker tETHUSD id:111128
12-18 12:17 socketio.server INFO     emitting event "event" to all [/]
12-18 12:17 theProject.server.api.bfxData INFO     Bitfinex: {'event': 'subscribed', 'channel': 'ticker', 'chanId': 111129, 'symbol': 'tXRPUSD', 'pair': 'XRPUSD'}
12-18 12:17 theProject.server.api.bfxData INFO     New subscription: ticker tXRPUSD id:111129
12-18 12:17 socketio.server INFO     emitting event "event" to all [/]
12-18 12:17 theProject.server.api.bfxData INFO     Bitfinex: {'event': 'subscribed', 'channel': 'ticker', 'chanId': 111130, 'symbol': 'tNEOUSD', 'pair': 'NEOUSD'}
12-18 12:17 theProject.server.api.bfxData INFO     New subscription: ticker tNEOUSD id:111130
12-18 12:17 socketio.server INFO     emitting event "event" to all [/]
12-18 12:17 theProject.server.api.bfxData INFO     Bitfinex: {'event': 'subscribed', 'channel': 'ticker', 'chanId': 111131, 'symbol': 'tEOSUSD', 'pair': 'EOSUSD'}
12-18 12:17 theProject.server.api.bfxData INFO     New subscription: ticker tEOSUSD id:111131
12-18 12:17 socketio.server INFO     emitting event "event" to all [/]
12-18 12:17 theProject.server.api.bfxData INFO     Bitfinex: {'event': 'subscribed', 'channel': 'ticker', 'chanId': 111132, 'symbol': 'tBSVUSD', 'pair': 'BSVUSD'}
12-18 12:17 theProject.server.api.bfxData INFO     New subscription: ticker tBSVUSD id:111132
12-18 12:17 socketio.server INFO     emitting event "event" to all [/]
12-18 12:17 theProject.server.api.bfxData INFO     Bitfinex: {'event': 'subscribed', 'channel': 'ticker', 'chanId': 111133, 'symbol': 'tIOTUSD', 'pair': 'IOTUSD'}
12-18 12:17 theProject.server.api.bfxData INFO     New subscription: ticker tIOTUSD id:111133
12-18 12:17 socketio.server INFO     emitting event "event" to all [/]
12-18 12:17 socketio.server INFO    12-18 12:17 socketio.server INFO   12-18 12:17 socketio.server INFO    12-18 12:17 socketio.server INFO   12-18 12:17 socketio.server INFO     emitting event "event" to all [/]
12-18 12:17 socketio.server INFO     emitting event "event" to all [/]
12-18 12:17 socketio.server INFO    12-18 12:17 socketio.server INFO   12-18 12:17 socketio.server INFO    12-18 12:17 socketio.server INFO   12-18 12:17 socketio.server INFO    12-18 12:17 socketio.server INFO   12-18 12:17 socketio.server INFO    12-18 12:17 socketio.server INFO   12-18 12:17 werkzeug     INFO     1212-18 12:18 socketio.server INFO     emitting event "event" to all [/]
12-18 12:18 socketio.server INFO     emitting event "event" to all [/]
12-18 12:18 socketio.server INFO     emitting event "event" to all [/]
12-18 12:18 socketio.server INFO     emitting event "event" to all [/]
12-18 12:18 socketio.server INFO     emitting event "event" to all [/]
12-18 12:18 socketio.server INFO     emitting event "event" to all [/]
12-18 12:18 socketio.server INFO     emitting event "event" to all [/]
12-18 12:18 socketio.server INFO     emitting event "event" to all [/]
12-18 12:18 socketio.server INFO     emitting event "event" to all [/]
12-18 12:18 socketio.server INFO     emitting event "event" to all [/]
12-18 12:18 socketio.server INFO     emitting event "event" to all [/]
12-18 12:18 socketio.server INFO     emitting event "event" to all [/]
12-18 12:18 socketio.server INFO     emitting event "event" to all [/]
12-18 12:18 socketio.server INFO     emitting event "event" to all [/]
12-18 12:18 socketio.server INFO     emitting event "event" to all [/]
12-18 12:18 socketio.server INFO     emitting event "event" to all [/]
12-18 12:18 socketio.server INFO     emitting event "event" to all [/]
12-18 12:18 socketio.server INFO     emitting event "event" to all [/]
12-18 12:18 socketio.server INFO     emitting event "event" to all [/]
12-18 12:18 socketio.server INFO     emitting event "event" to all [/]
12-18 12:18 socketio.server INFO     emitting event "event" to all [/]
12-18 12:18 socketio.server INFO     emitting event "event" to all [/]
12-18 12:18 socketio.server INFO     emitting event "event" to all [/]
12-18 12:18 socketio.server INFO     emitting event "event" to all [/]
12-18 12:18 socketio.server INFO     emitting event "event" to all [/]
12-18 12:18 socketio.server INFO     emitting event "event" to all [/]
12-18 12:18 socketio.server INFO     emitting event "event" to all [/]
12-18 12:18 socketio.server INFO     emitting event "event" to all [/]
12-18 12:18 socketio.server INFO     emitting event "event" to all [/]
12-18 12:18 socketio.server INFO     emitting event "event" to all [/]
12-18 12:18 socketio.server INFO     emitting event "event" to all [/]
12-18 12:18 socketio.server INFO     emitting event "event" to all [/]
12-18 12:18 socketio.server INFO     emitting event "event" to all [/]
12-18 12:18 socketio.server INFO     emitting event "event" to all [/]
12-18 12:18 socketio.server INFO     emitting event "event" to all [/]
12-18 12:18 socketio.server INFO     emitting event "event" to all [/]
12-18 12:18 socketio.server INFO     emitting event "event" to all [/]
12-18 12:18 socketio.server INFO     emitting event "event" to all [/]
12-18 12:18 socketio.server INFO     emitting event "event" to all [/]
12-18 12:18 socketio.server INFO     emitting event "event" to all [/]
12-18 12:18 socketio.server INFO     emitting event "event" to all [/]
12-18 12:18 socketio.server INFO     emitting event "event" to all [/]
12-18 12:19 socketio.server INFO     emitting event "event" to all [/]
12-18 12:19 socketio.server INFO     emitting event "event" to all [/]
12-18 12:19 socketio.server INFO     emitting event "event" to all [/]
12-18 12:19 socketio.server INFO     emitting event "event" to all [/]
12-18 12:19 socketio.server INFO     emitting event "event" to all [/]
12-18 12:19 socketio.server INFO     emitting event "event" to all [/]
12-18 12:19 socketio.server INFO     emitting event "event" to all [/]
FO     c25881f11c164c1288a73713cd7a5aa1: Sending packet MESSAGE data 2["event",{"symbol":"tEOSUSD","data":[2.2313,40142.22571348,2.2333,20020.95848048,-0.1259,-0.0533,2.2354,1563146.04713156,2.3661,2.1624]}]
12-18 12:18 engineio.server INFO     632df9bcf84b4a6c9fd51edbea3c435b: Sending packet MESSAGE data 2["event",{"symbol":"tEOSUSD","data":[2.2313,40142.22571348,2.2333,20020.95848048,-0.1259,-0.0533,2.2354,1563146.04713156,2.3661,2.1624]}]
12-18 12:18 socketio.server INFO     emitting event "event" to all [/]
12-18 12:18 engineio.server INFO     c25881f11c164c1288a73713cd7a5aa1: Sending packet MESSAGE data 2["event",{"symbol":"tXRPUSD","data":[0.1858,491012.68972846,0.18591,456703.12886783,-0.01331,-0.0669,0.18571,55133426.86563846,0.19912,0.17854]}]
12-18 12:18 engineio.server INFO     632df9bcf84b4a6c9fd51edbea3c435b: Sending packet MESSAGE data 2["event",{"symbol":"tXRPUSD","data":[0.1858,491012.68972846,0.18591,456703.12886783,-0.01331,-0.0669,0.18571,55133426.86563846,0.19912,0.17854]}]
12-18 12:18 werkzeug     INFO     127.0.0.1 - - [18/Dec/2019 12:18:02] "GET /socket.io/?EIO=3&transport=polling&t=MyNSGoE&sid=632df9bcf84b4a6c9fd51edbea3c435b HTTP/1.1" 200 -
12-18 12:18 werkzeug     INFO     127.0.0.1 - - [18/Dec/2019 12:18:02] "GET /socket.io/?EIO=3&transport=polling&t=MyNSGou&sid=c25881f11c164c1288a73713cd7a5aa1 HTTP/1.1" 200 -
12-18 12:18 werkzeug     INFO     127.0.0.1 - - [18/Dec/2019 12:18:03] "GET /api/ticker HTTP/1.1" 200 -
12-18 12:18 werkzeug     INFO     127.0.0.1 - - [18/Dec/2019 12:18:03] "GET /dist/main.css HTTP/1.1" 404 -
12-18 12:18 engineio.server INFO     662a9d424187461e96933ccf1865bf9a: Sending packet OPEN data {'sid': '662a9d424187461e96933ccf1865bf9a', 'upgrades': [], 'pingTimeout': 60000, 'pingInterval': 25000}
12-18 12:18 socketio.server INFO     emitting event "my response" to 662a9d424187461e96933ccf1865bf9a [/]
12-18 12:18 engineio.server INFO     662a9d424187461e96933ccf1865bf9a: Sending packet MESSAGE data 2["my response",{"data":"Connected"}]
12-18 12:18 theProject.server.events INFO     socketio: 662a9d424187461e96933ccf1865bf9a connected
12-18 12:18 engineio.server INFO     662a9d424187461e96933ccf1865bf9a: Sending packet MESSAGE data 0
12-18 12:18 werkzeug     INFO     127.0.0.1 - - [18/Dec/2019 12:18:03] "GET /socket.io/?EIO=3&transport=polling&t=MyNSH6l HTTP/1.1" 200 -
12-18 12:18 werkzeug     INFO     127.0.0.1 - - [18/Dec/2019 12:18:04] "GET /api/data HTTP/1.1" 200 -
12-18 12:18 socketio.server INFO     emitting event "event" to all [/]
12-18 12:18 engineio.server INFO     c25881f11c164c1288a73713cd7a5aa1: Sending packet MESSAGE data 2["event",{"symbol":"tXRPUSD","data":[0.18573,474401.24225762003,0.1859,576097.64519636,-0.01331,-0.0669,0.18571,55150165.76053846,0.19912,0.17854]}]
12-18 12:18 werkzeug     INFO     127.0.0.1 - - [18/Dec/2019 12:18:09] "GET /socket.io/?EIO=3&transport=polling&t=MyNSGti&sid=c25881f11c164c1288a73713cd7a5aa1 HTTP/1.1" 200 -
12-18 12:18 engineio.server INFO     632df9bcf84b4a6c9fd51edbea3c435b: Sending packet MESSAGE data 2["event",{"symbol":"tXRPUSD","data":[0.18573,474401.24225762003,0.1859,576097.64519636,-0.01331,-0.0669,0.18571,55150165.76053846,0.19912,0.17854]}]
12-18 12:18 werkzeug     INFO     127.0.0.1 - - [18/Dec/2019 12:18:09] "GET /socket.io/?EIO=3&transport=polling&t=MyNSGt2&sid=632df9bcf84b4a6c9fd51edbea3c435b HTTP/1.1" 200 -
12-18 12:18 engineio.server INFO     662a9d424187461e96933ccf1865bf9a: Sending packet MESSAGE data 2["event",{"symbol":"tXRPUSD","data":[0.18573,474401.24225762003,0.1859,576097.64519636,-0.01331,-0.0669,0.18571,55150165.76053846,0.19912,0.17854]}]
12-18 12:18 werkzeug     INFO     127.0.0.1 - - [18/Dec/2019 12:18:09] "GET /socket.io/?EIO=3&transport=polling&t=MyNSHAa&sid=662a9d424187461e96933ccf1865bf9a HTTP/1.1" 200 -
12-18 12:18 socketio.server INFO     emitting event "event" to all [/]
12-18 12:18 engineio.server INFO     c25881f11c164c1288a73713cd7a5aa1: Sending packet MESSAGE data 2["event",{"symbol":"tEOSUSD","data":[2.2308,52425.827346720005,2.231,23715.95393928,-0.13055397,-0.0553,2.23074603,1569429.62629813,2.3661,2.1624]}]
12-18 12:18 engineio.server INFO     632df9bcf84b4a6c9fd51edbea3c435b: Sending packet MESSAGE data 2["event",{"symbol":"tEOSUSD","data":[2.2308,52425.827346720005,2.231,23715.95393928,-0.13055397,-0.0553,2.23074603,1569429.62629813,2.3661,2.1624]}]
12-18 12:18 engineio.server INFO     662a9d424187461e96933ccf1865bf9a: Sending packet MESSAGE data 2["event",{"symbol":"tEOSUSD","data":[2.2308,52425.827346720005,2.231,23715.95393928,-0.13055397,-0.0553,2.23074603,1569429.62629813,2.3661,2.1624]}]
12-18 12:18 socketio.server INFO     emitting event "event" to all [/]
12-18 12:18 engineio.server INFO     c25881f11c164c1288a73713cd7a5aa1: Sending packet MESSAGE data 2["event",{"symbol":"tNEOUSD","data":[8.113,6887.78372651,8.1148,11586.8810796,-0.214,-0.0257,8.113,77712.2678056,8.4261,7.78]}]
12-18 12:18 engineio.server INFO     632df9bcf84b4a6c9fd51edbea3c435b: Sending packet MESSAGE data 2["event",{"symbol":"tNEOUSD","data":[8.113,6887.78372651,8.1148,11586.8810796,-0.214,-0.0257,8.113,77712.2678056,8.4261,7.78]}]
12-18 12:18 engineio.server INFO     662a9d424187461e96933ccf1865bf9a: Sending packet MESSAGE data 2["event",{"symbol":"tNEOUSD","data":[8.113,6887.78372651,8.1148,11586.8810796,-0.214,-0.0257,8.113,77712.2678056,8.4261,7.78]}]
12-18 12:18 werkzeug     INFO     127.0.0.1 - - [18/Dec/2019 12:18:09] "GET /socket.io/?EIO=3&transport=polling&t=MyNSIV-&sid=662a9d424187461e96933ccf1865bf9a HTTP/1.1" 200 -
12-18 12:18 socketio.server INFO     emitting event "event" to all [/]
12-18 12:18 engineio.server INFO     c25881f11c164c1288a73713cd7a5aa1: Sending packet MESSAGE data 2["event",{"symbol":"tETHUSD","data":[124,1607.9335593800001,124.06,1338.79581388,-8.57659135,-0.0647,124.04,108411.30394544,133,120.35]}]
12-18 12:18 engineio.server INFO     632df9bcf84b4a6c9fd51edbea3c435b: Sending packet MESSAGE data 2["event",{"symbol":"tETHUSD","data":[124,1607.9335593800001,124.06,1338.79581388,-8.57659135,-0.0647,124.04,108411.30394544,133,120.35]}]
12-18 12:18 engineio.server INFO     662a9d424187461e96933ccf1865bf9a: Sending packet MESSAGE data 2["event",{"symbol":"tETHUSD","data":[124,1607.9335593800001,124.06,1338.79581388,-8.57659135,-0.0647,124.04,108411.30394544,133,120.35]}]
12-18 12:18 werkzeug     INFO     127.0.0.1 - - [18/Dec/2019 12:18:09] "GET /socket.io/?EIO=3&transport=polling&t=MyNSIW8&sid=662a9d424187461e96933ccf1865bf9a HTTP/1.1" 200 -
12-18 12:18 werkzeug     INFO     127.0.0.1 - - [18/Dec/2019 12:18:12] "GET /api/test HTTP/1.1" 200 -
12-18 12:18 werkzeug     INFO     127.0.0.1 - - [18/Dec/2019 12:18:13] "GET /dist/main.css HTTP/1.1" 404 -
12-18 12:18 engineio.server INFO     5fd5fbd7166f43aab2e7bd57aa402894: Sending packet OPEN data {'sid': '5fd5fbd7166f43aab2e7bd57aa402894', 'upgrades': [], 'pingTimeout': 60000, 'pingInterval': 25000}
12-18 12:18 socketio.server INFO     emitting event "my response" to 5fd5fbd7166f43aab2e7bd57aa402894 [/]
12-18 12:18 engineio.server INFO     5fd5fbd7166f43aab2e7bd57aa402894: Sending packet MESSAGE data 2["my response",{"data":"Connected"}]
12-18 12:18 theProject.server.events INFO     socketio: 5fd5fbd7166f43aab2e7bd57aa402894 connected
12-18 12:18 engineio.server INFO     5fd5fbd7166f43aab2e7bd57aa402894: Sending packet MESSAGE data 0
12-18 12:18 werkzeug     INFO     127.0.0.1 - - [18/Dec/2019 12:18:13] "GET /socket.io/?EIO=3&transport=polling&t=MyNSJOY HTTP/1.1" 200 -
12-18 12:18 socketio.server INFO     emitting event "event" to all [/]
12-18 12:18 engineio.server INFO     c25881f11c164c1288a73713cd7a5aa1: Sending packet MESSAGE data 2["event",{"symbol":"tETHUSD","data":[124.03,1911.2411114299998,124.06,1468.45805776,-8.57659135,-0.0647,124.04,108411.30394544,133,120.35]}]
12-18 12:18 engineio.server INFO     632df9bcf84b4a6c9fd51edbea3c435b: Sending packet MESSAGE data 2["event",{"symbol":"tETHUSD","data":[124.03,1911.2411114299998,124.06,1468.45805776,-8.57659135,-0.0647,124.04,108411.30394544,133,120.35]}]
12-18 12:18 engineio.server INFO     662a9d424187461e96933ccf1865bf9a: Sending packet MESSAGE data 2["event",{"symbol":"tETHUSD","data":[124.03,1911.2411114299998,124.06,1468.45805776,-8.57659135,-0.0647,124.04,108411.30394544,133,120.35]}]
12-18 12:18 engineio.server INFO     5fd5fbd7166f43aab2e7bd57aa402894: Sending packet MESSAGE data 2["event",{"symbol":"tETHUSD","data":[124.03,1911.2411114299998,124.06,1468.45805776,-8.57659135,-0.0647,124.04,108411.30394544,133,120.35]}]
12-18 12:18 werkzeug     INFO     127.0.0.1 - - [18/Dec/2019 12:18:16] "GET /socket.io/?EIO=3&transport=polling&t=MyNSIez&sid=662a9d424187461e96933ccf1865bf9a HTTP/1.1" 200 -
12-18 12:18 werkzeug     INFO     127.0.0.1 - - [18/Dec/2019 12:18:16] "GET /socket.io/?EIO=3&transport=polling&t=MyNSJSI&sid=5fd5fbd7166f43aab2e7bd57aa402894 HTTP/1.1" 200 -
12-18 12:18 socketio.server INFO     emitting event "event" to all [/]
12-18 12:18 engineio.server INFO     c25881f11c164c1288a73713cd7a5aa1: Sending packet MESSAGE data 2["event",{"symbol":"tEOSUSD","data":[2.2298,32610.426175729997,2.2299,25821.744697119997,-0.1314,-0.0556,2.2299,1569429.62629813,2.3661,2.1624]}]
12-18 12:18 engineio.server INFO     632df9bcf84b4a6c9fd51edbea3c435b: Sending packet MESSAGE data 2["event",{"symbol":"tEOSUSD","data":[2.2298,32610.426175729997,2.2299,25821.744697119997,-0.1314,-0.0556,2.2299,1569429.62629813,2.3661,2.1624]}]
12-18 12:18 engineio.server INFO     662a9d424187461e96933ccf1865bf9a: Sending packet MESSAGE data 2["event",{"symbol":"tEOSUSD","data":[2.2298,32610.426175729997,2.2299,25821.744697119997,-0.1314,-0.0556,2.2299,1569429.62629813,2.3661,2.1624]}]
12-18 12:18 engineio.server INFO     5fd5fbd7166f43aab2e7bd57aa402894: Sending packet MESSAGE data 2["event",{"symbol":"tEOSUSD","data":[2.2298,32610.426175729997,2.2299,25821.744697119997,-0.1314,-0.0556,2.2299,1569429.62629813,2.3661,2.1624]}]
12-18 12:18 werkzeug     INFO     127.0.0.1 - - [18/Dec/2019 12:18:16] "GET /socket.io/?EIO=3&transport=polling&t=MyNSKCu&sid=5fd5fbd7166f43aab2e7bd57aa402894 HTTP/1.1" 200 -
12-18 12:18 socketio.server INFO     emitting event "event" to all [/]
12-18 12:18 engineio.server INFO     c25881f11c164c1288a73713cd7a5aa1: Sending packet MESSAGE data 2["event",{"symbol":"tXRPUSD","data":[0.18579,502874.54264309997,0.1859,612723.14219125,-0.01325,-0.0666,0.18577,55153261.46496588,0.19912,0.17854]}]
12-18 12:18 engineio.server INFO     632df9bcf84b4a6c9fd51edbea3c435b: Sending packet MESSAGE data 2["event",{"symbol":"tXRPUSD","data":[0.18579,502874.54264309997,0.1859,612723.14219125,-0.01325,-0.0666,0.18577,55153261.46496588,0.19912,0.17854]}]
12-18 12:18 engineio.server INFO     662a9d424187461e96933ccf1865bf9a: Sending packet MESSAGE data 2["event",{"symbol":"tXRPUSD","data":[0.18579,502874.54264309997,0.1859,612723.14219125,-0.01325,-0.0666,0.18577,55153261.46496588,0.19912,0.17854]}]
12-18 12:18 engineio.server INFO     5fd5fbd7166f43aab2e7bd57aa402894: Sending packet MESSAGE data 2["event",{"symbol":"tXRPUSD","data":[0.18579,502874.54264309997,0.1859,612723.14219125,-0.01325,-0.0666,0.18577,55153261.46496588,0.19912,0.17854]}]
12-18 12:18 socketio.server INFO     emitting event "event" to all [/]
12-18 12:18 engineio.server INFO     c25881f11c164c1288a73713cd7a5aa1: Sending packet MESSAGE data 2["event",{"symbol":"tNEOUSD","data":[8.113,6864.46938539,8.1147,9570.0744521,-0.214,-0.0257,8.113,77712.2678056,8.4261,7.78]}]
12-18 12:18 engineio.server INFO     632df9bcf84b4a6c9fd51edbea3c435b: Sending packet MESSAGE data 2["event",{"symbol":"tNEOUSD","data":[8.113,6864.46938539,8.1147,9570.0744521,-0.214,-0.0257,8.113,77712.2678056,8.4261,7.78]}]
12-18 12:18 engineio.server INFO     662a9d424187461e96933ccf1865bf9a: Sending packet MESSAGE data 2["event",{"symbol":"tNEOUSD","data":[8.113,6864.46938539,8.1147,9570.0744521,-0.214,-0.0257,8.113,77712.2678056,8.4261,7.78]}]
12-18 12:18 engineio.server INFO     5fd5fbd7166f43aab2e7bd57aa402894: Sending packet MESSAGE data 2["event",{"symbol":"tNEOUSD","data":[8.113,6864.46938539,8.1147,9570.0744521,-0.214,-0.0257,8.113,77712.2678056,8.4261,7.78]}]
12-18 12:18 socketio.server INFO     emitting event "event" to all [/]
12-18 12:18 engineio.server INFO     c25881f11c164c1288a73713cd7a5aa1: Sending packet MESSAGE data 2["event",{"symbol":"tIOTUSD","data":[0.1577,109357.24255201999,0.15808,328185.77022004,-0.0168,-0.0961,0.15797,7890124.72792697,0.17603,0.15232]}]
12-18 12:18 engineio.server INFO     632df9bcf84b4a6c9fd51edbea3c435b: Sending packet MESSAGE data 2["event",{"symbol":"tIOTUSD","data":[0.1577,109357.24255201999,0.15808,328185.77022004,-0.0168,-0.0961,0.15797,7890124.72792697,0.17603,0.15232]}]
12-18 12:18 engineio.server INFO     662a9d424187461e96933ccf1865bf9a: Sending packet MESSAGE data 2["event",{"symbol":"tIOTUSD","data":[0.1577,109357.24255201999,0.15808,328185.77022004,-0.0168,-0.0961,0.15797,7890124.72792697,0.17603,0.15232]}]
12-18 12:18 engineio.server INFO     5fd5fbd7166f43aab2e7bd57aa402894: Sending packet MESSAGE data 2["event",{"symbol":"tIOTUSD","data":[0.1577,109357.24255201999,0.15808,328185.77022004,-0.0168,-0.0961,0.15797,7890124.72792697,0.17603,0.15232]}]
12-18 12:18 werkzeug     INFO     127.0.0.1 - - [18/Dec/2019 12:18:16] "GET /socket.io/?EIO=3&transport=polling&t=MyNSKDf&sid=5fd5fbd7166f43aab2e7bd57aa402894 HTTP/1.1" 200 -
12-18 12:18 werkzeug     INFO     127.0.0.1 - - [18/Dec/2019 12:18:17] "GET /dist/main.css HTTP/1.1" 404 -
12-18 12:18 socketio.server INFO     emitting event "event" to all [/]
12-18 12:18 engineio.server INFO     c25881f11c164c1288a73713cd7a5aa1: Sending packet MESSAGE data 2["event",{"symbol":"tETHUSD","data":[124.01,2090.5225221799997,124.05,1379.47534158,-8.57659135,-0.0647,124.04,108411.30394544,133,120.35]}]
12-18 12:18 engineio.server INFO     632df9bcf84b4a6c9fd51edbea3c435b: Sending packet MESSAGE data 2["event",{"symbol":"tETHUSD","data":[124.01,2090.5225221799997,124.05,1379.47534158,-8.57659135,-0.0647,124.04,108411.30394544,133,120.35]}]
12-18 12:18 engineio.server INFO     662a9d424187461e96933ccf1865bf9a: Sending packet MESSAGE data 2["event",{"symbol":"tETHUSD","data":[124.01,2090.5225221799997,124.05,1379.47534158,-8.57659135,-0.0647,124.04,108411.30394544,133,120.35]}]
12-18 12:18 engineio.server INFO     5fd5fbd7166f43aab2e7bd57aa402894: Sending packet MESSAGE data 2["event",{"symbol":"tETHUSD","data":[124.01,2090.5225221799997,124.05,1379.47534158,-8.57659135,-0.0647,124.04,108411.30394544,133,120.35]}]
12-18 12:18 werkzeug     INFO     127.0.0.1 - - [18/Dec/2019 12:18:23] "GET /socket.io/?EIO=3&transport=polling&t=MyNSKIU&sid=5fd5fbd7166f43aab2e7bd57aa402894 HTTP/1.1" 200 -
12-18 12:18 socketio.server INFO     emitting event "event" to all [/]
12-18 12:18 engineio.server INFO     c25881f11c164c1288a73713cd7a5aa1: Sending packet MESSAGE data 2["event",{"symbol":"tXRPUSD","data":[0.18576,495138.69086442,0.1859,590264.46529143,-0.01325,-0.0666,0.18577,55153261.46496588,0.19912,0.17854]}]
12-18 12:18 engineio.server INFO     632df9bcf84b4a6c9fd51edbea3c435b: Sending packet MESSAGE data 2["event",{"symbol":"tXRPUSD","data":[0.18576,495138.69086442,0.1859,590264.46529143,-0.01325,-0.0666,0.18577,55153261.46496588,0.19912,0.17854]}]
12-18 12:18 engineio.server INFO     662a9d424187461e96933ccf1865bf9a: Sending packet MESSAGE data 2["event",{"symbol":"tXRPUSD","data":[0.18576,495138.69086442,0.1859,590264.46529143,-0.01325,-0.0666,0.18577,55153261.46496588,0.19912,0.17854]}]
12-18 12:18 engineio.server INFO     5fd5fbd7166f43aab2e7bd57aa402894: Sending packet MESSAGE data 2["event",{"symbol":"tXRPUSD","data":[0.18576,495138.69086442,0.1859,590264.46529143,-0.01325,-0.0666,0.18577,55153261.46496588,0.19912,0.17854]}]
12-18 12:18 socketio.server INFO     emitting event "event" to all [/]
12-18 12:18 engineio.server INFO     c25881f11c164c1288a73713cd7a5aa1: Sending packet MESSAGE data 2["event",{"symbol":"tNEOUSD","data":[8.113,6931.36938539,8.1143,10031.68935506,-0.214,-0.0257,8.113,77712.2678056,8.4261,7.78]}]
12-18 12:18 engineio.server INFO     632df9bcf84b4a6c9fd51edbea3c435b: Sending packet MESSAGE data 2["event",{"symbol":"tNEOUSD","data":[8.113,6931.36938539,8.1143,10031.68935506,-0.214,-0.0257,8.113,77712.2678056,8.4261,7.78]}]
12-18 12:18 engineio.server INFO     662a9d424187461e96933ccf1865bf9a: Sending packet MESSAGE data 2["event",{"symbol":"tNEOUSD","data":[8.113,6931.36938539,8.1143,10031.68935506,-0.214,-0.0257,8.113,77712.2678056,8.4261,7.78]}]
12-18 12:18 engineio.server INFO     5fd5fbd7166f43aab2e7bd57aa402894: Sending packet MESSAGE data 2["event",{"symbol":"tNEOUSD","data":[8.113,6931.36938539,8.1143,10031.68935506,-0.214,-0.0257,8.113,77712.2678056,8.4261,7.78]}]
12-18 12:18 socketio.server INFO     emitting event "event" to all [/]
12-18 12:18 engineio.server INFO     c25881f11c164c1288a73713cd7a5aa1: Sending packet MESSAGE data 2["event",{"symbol":"tIOTUSD","data":[0.15771,90138.42120948,0.15808,297229.9986653,-0.0168,-0.0961,0.15797,7890124.72792697,0.17603,0.15232]}]
12-18 12:18 engineio.server INFO     632df9bcf84b4a6c9fd51edbea3c435b: Sending packet MESSAGE data 2["event",{"symbol":"tIOTUSD","data":[0.15771,90138.42120948,0.15808,297229.9986653,-0.0168,-0.0961,0.15797,7890124.72792697,0.17603,0.15232]}]
12-18 12:18 engineio.server INFO     662a9d424187461e96933ccf1865bf9a: Sending packet MESSAGE data 2["event",{"symbol":"tIOTUSD","data":[0.15771,90138.42120948,0.15808,297229.9986653,-0.0168,-0.0961,0.15797,7890124.72792697,0.17603,0.15232]}]
12-18 12:18 engineio.server INFO     5fd5fbd7166f43aab2e7bd57aa402894: Sending packet MESSAGE data 2["event",{"symbol":"tIOTUSD","data":[0.15771,90138.42120948,0.15808,297229.9986653,-0.0168,-0.0961,0.15797,7890124.72792697,0.17603,0.15232]}]
12-18 12:18 socketio.server INFO     emitting event "event" to all [/]
12-18 12:18 engineio.server INFO     c25881f11c164c1288a73713cd7a5aa1: Sending packet MESSAGE data 2["event",{"symbol":"tEOSUSD","data":[2.23,32508.747250880002,2.2307,59020.70299896,-0.1305,-0.0553,2.2308,1569812.31914253,2.3661,2.1624]}]
12-18 12:18 engineio.server INFO     632df9bcf84b4a6c9fd51edbea3c435b: Sending packet MESSAGE data 2["event",{"symbol":"tEOSUSD","data":[2.23,32508.747250880002,2.2307,59020.70299896,-0.1305,-0.0553,2.2308,1569812.31914253,2.3661,2.1624]}]
12-18 12:18 engineio.server INFO     662a9d424187461e96933ccf1865bf9a: Sending packet MESSAGE data 2["event",{"symbol":"tEOSUSD","data":[2.23,32508.747250880002,2.2307,59020.70299896,-0.1305,-0.0553,2.2308,1569812.31914253,2.3661,2.1624]}]
12-18 12:18 engineio.server INFO     5fd5fbd7166f43aab2e7bd57aa402894: Sending packet MESSAGE data 2["event",{"symbol":"tEOSUSD","data":[2.23,32508.747250880002,2.2307,59020.70299896,-0.1305,-0.0553,2.2308,1569812.31914253,2.3661,2.1624]}]
12-18 12:18 werkzeug     INFO     127.0.0.1 - - [18/Dec/2019 12:18:23] "GET /socket.io/?EIO=3&transport=polling&t=MyNSLwT&sid=5fd5fbd7166f43aab2e7bd57aa402894 HTTP/1.1" 200 -
12-18 12:18 socketio.server INFO     emitting event "event" to all [/]
12-18 12:18 engineio.server INFO     c25881f11c164c1288a73713cd7a5aa1: Sending packet MESSAGE data 2["event",{"symbol":"tBSVUSD","data":[81.728,994.52251101,81.745,1742.4026719999997,-6.272,-0.0713,81.729,12707.76673669,88.075,81]}]
12-18 12:18 engineio.server INFO     632df9bcf84b4a6c9fd51edbea3c435b: Sending packet MESSAGE data 2["event",{"symbol":"tBSVUSD","data":[81.728,994.52251101,81.745,1742.4026719999997,-6.272,-0.0713,81.729,12707.76673669,88.075,81]}]
12-18 12:18 engineio.server INFO     662a9d424187461e96933ccf1865bf9a: Sending packet MESSAGE data 2["event",{"symbol":"tBSVUSD","data":[81.728,994.52251101,81.745,1742.4026719999997,-6.272,-0.0713,81.729,12707.76673669,88.075,81]}]
12-18 12:18 engineio.server INFO     5fd5fbd7166f43aab2e7bd57aa402894: Sending packet MESSAGE data 2["event",{"symbol":"tBSVUSD","data":[81.728,994.52251101,81.745,1742.4026719999997,-6.272,-0.0713,81.729,12707.76673669,88.075,81]}]
12-18 12:18 werkzeug     INFO     127.0.0.1 - - [18/Dec/2019 12:18:24] "GET /socket.io/?EIO=3&transport=polling&t=MyNSL_J&sid=5fd5fbd7166f43aab2e7bd57aa402894 HTTP/1.1" 200 -
12-18 12:18 engineio.server INFO     0983b089aeee46ef859b6966761bdd3b: Sending packet OPEN data {'sid': '0983b089aeee46ef859b6966761bdd3b', 'upgrades': [], 'pingTimeout': 60000, 'pingInterval': 25000}
12-18 12:18 socketio.server INFO     emitting event "my response" to 0983b089aeee46ef859b6966761bdd3b [/]
12-18 12:18 engineio.server INFO     0983b089aeee46ef859b6966761bdd3b: Sending packet MESSAGE data 2["my response",{"data":"Connected"}]
12-18 12:18 theProject.server.events INFO     socketio: 0983b089aeee46ef859b6966761bdd3b connected
12-18 12:18 engineio.server INFO     0983b089aeee46ef859b6966761bdd3b: Sending packet MESSAGE data 0
12-18 12:18 werkzeug     INFO     127.0.0.1 - - [18/Dec/2019 12:18:29] "GET /socket.io/?EIO=3&transport=polling&t=MyNSNQt HTTP/1.1" 200 -
12-18 12:18 socketio.server INFO     emitting event "event" to all [/]
12-18 12:18 engineio.server INFO     c25881f11c164c1288a73713cd7a5aa1: Client is gone, closing socket
12-18 12:18 theProject.server.events INFO     socketio: c25881f11c164c1288a73713cd7a5aa1 disconnected
12-18 12:18 engineio.server INFO     c25881f11c164c1288a73713cd7a5aa1: Client is gone, closing socket
12-18 12:18 engineio.server INFO     632df9bcf84b4a6c9fd51edbea3c435b: Client is gone, closing socket
12-18 12:18 theProject.server.events INFO     socketio: 632df9bcf84b4a6c9fd51edbea3c435b disconnected
12-18 12:18 engineio.server INFO     632df9bcf84b4a6c9fd51edbea3c435b: Client is gone, closing socket
12-18 12:18 engineio.server INFO     662a9d424187461e96933ccf1865bf9a: Sending packet MESSAGE data 2["event",{"symbol":"tETHUSD","data":[124.07,1532.4422590999998,124.12,1369.6492043399999,-8.57659135,-0.0647,124.04,108411.30394544,133,120.35]}]
12-18 12:18 engineio.server INFO     5fd5fbd7166f43aab2e7bd57aa402894: Sending packet MESSAGE data 2["event",{"symbol":"tETHUSD","data":[124.07,1532.4422590999998,124.12,1369.6492043399999,-8.57659135,-0.0647,124.04,108411.30394544,133,120.35]}]
12-18 12:18 werkzeug     INFO     127.0.0.1 - - [18/Dec/2019 12:18:30] "GET /socket.io/?EIO=3&transport=polling&t=MyNSM8r&sid=5fd5fbd7166f43aab2e7bd57aa402894 HTTP/1.1" 200 -
12-18 12:18 engineio.server INFO     0983b089aeee46ef859b6966761bdd3b: Sending packet MESSAGE data 2["event",{"symbol":"tETHUSD","data":[124.07,1532.4422590999998,124.12,1369.6492043399999,-8.57659135,-0.0647,124.04,108411.30394544,133,120.35]}]
12-18 12:18 werkzeug     INFO     127.0.0.1 - - [18/Dec/2019 12:18:30] "GET /socket.io/?EIO=3&transport=polling&t=MyNSNSk&sid=0983b089aeee46ef859b6966761bdd3b HTTP/1.1" 200 -
12-18 12:18 socketio.server INFO     emitting event "event" to all [/]
12-18 12:18 engineio.server INFO     662a9d424187461e96933ccf1865bf9a: Sending packet MESSAGE data 2["event",{"symbol":"tXRPUSD","data":[0.18577,541219.21782783,0.186,633295.46381094,-0.01326,-0.0666,0.18576,55153599.71016588,0.19912,0.17854]}]
12-18 12:18 engineio.server INFO     5fd5fbd7166f43aab2e7bd57aa402894: Sending packet MESSAGE data 2["event",{"symbol":"tXRPUSD","data":[0.18577,541219.21782783,0.186,633295.46381094,-0.01326,-0.0666,0.18576,55153599.71016588,0.19912,0.17854]}]
12-18 12:18 engineio.server INFO     0983b089aeee46ef859b6966761bdd3b: Sending packet MESSAGE data 2["event",{"symbol":"tXRPUSD","data":[0.18577,541219.21782783,0.186,633295.46381094,-0.01326,-0.0666,0.18576,55153599.71016588,0.19912,0.17854]}]
12-18 12:18 werkzeug     INFO     127.0.0.1 - - [18/Dec/2019 12:18:30] "GET /socket.io/?EIO=3&transport=polling&t=MyNSNgi&sid=0983b089aeee46ef859b6966761bdd3b HTTP/1.1" 200 -
12-18 12:18 socketio.server INFO     emitting event "event" to all [/]
12-18 12:18 engineio.server INFO     662a9d424187461e96933ccf1865bf9a: Sending packet MESSAGE data 2["event",{"symbol":"tIOTUSD","data":[0.15771,85478.98379714,0.15809,285422.79771459004,-0.0168,-0.0961,0.15797,7890124.72792697,0.17603,0.15232]}]
12-18 12:18 engineio.server INFO     5fd5fbd7166f43aab2e7bd57aa402894: Sending packet MESSAGE data 2["event",{"symbol":"tIOTUSD","data":[0.15771,85478.98379714,0.15809,285422.79771459004,-0.0168,-0.0961,0.15797,7890124.72792697,0.17603,0.15232]}]
12-18 12:18 engineio.server INFO     0983b089aeee46ef859b6966761bdd3b: Sending packet MESSAGE data 2["event",{"symbol":"tIOTUSD","data":[0.15771,85478.98379714,0.15809,285422.79771459004,-0.0168,-0.0961,0.15797,7890124.72792697,0.17603,0.15232]}]
12-18 12:18 werkzeug     INFO     127.0.0.1 - - [18/Dec/2019 12:18:30] "GET /socket.io/?EIO=3&transport=polling&t=MyNSNhd&sid=0983b089aeee46ef859b6966761bdd3b HTTP/1.1" 200 -
12-18 12:18 socketio.server INFO     emitting event "event" to all [/]
12-18 12:18 engineio.server INFO     662a9d424187461e96933ccf1865bf9a: Sending packet MESSAGE data 2["event",{"symbol":"tEOSUSD","data":[2.2304,40907.46100691,2.2305,66573.14260049,-0.1308,-0.0554,2.2305,1570141.89091253,2.3661,2.1624]}]
12-18 12:18 engineio.server INFO     5fd5fbd7166f43aab2e7bd57aa402894: Sending packet MESSAGE data 2["event",{"symbol":"tEOSUSD","data":[2.2304,40907.46100691,2.2305,66573.14260049,-0.1308,-0.0554,2.2305,1570141.89091253,2.3661,2.1624]}]
12-18 12:18 engineio.server INFO     0983b089aeee46ef859b6966761bdd3b: Sending packet MESSAGE data 2["event",{"symbol":"tEOSUSD","data":[2.2304,40907.46100691,2.2305,66573.14260049,-0.1308,-0.0554,2.2305,1570141.89091253,2.3661,2.1624]}]
12-18 12:18 socketio.server INFO     emitting event "event" to all [/]
12-18 12:18 engineio.server INFO     662a9d424187461e96933ccf1865bf9a: Sending packet MESSAGE data 2["event",{"symbol":"tLTCUSD","data":[37.712,3204.47891754,37.733,2389.7906164300002,-2.256,-0.0565,37.692,99198.82550762,40.014,36.417]}]
12-18 12:18 engineio.server INFO     5fd5fbd7166f43aab2e7bd57aa402894: Sending packet MESSAGE data 2["event",{"symbol":"tLTCUSD","data":[37.712,3204.47891754,37.733,2389.7906164300002,-2.256,-0.0565,37.692,99198.82550762,40.014,36.417]}]
12-18 12:18 engineio.server INFO     0983b089aeee46ef859b6966761bdd3b: Sending packet MESSAGE data 2["event",{"symbol":"tLTCUSD","data":[37.712,3204.47891754,37.733,2389.7906164300002,-2.256,-0.0565,37.692,99198.82550762,40.014,36.417]}]
12-18 12:18 werkzeug     INFO     127.0.0.1 - - [18/Dec/2019 12:18:31] "GET /socket.io/?EIO=3&transport=polling&t=MyNSNmS&sid=0983b089aeee46ef859b6966761bdd3b HTTP/1.1" 200 -
12-18 12:18 socketio.server INFO     emitting event "event" to all [/]
12-18 12:18 engineio.server INFO     662a9d424187461e96933ccf1865bf9a: Sending packet MESSAGE data 2["event",{"symbol":"tBSVUSD","data":[81.728,994.55199682,81.729,1782.4024158299999,-6.272,-0.0713,81.729,12707.76673669,88.075,81]}]
12-18 12:18 engineio.server INFO     5fd5fbd7166f43aab2e7bd57aa402894: Sending packet MESSAGE data 2["event",{"symbol":"tBSVUSD","data":[81.728,994.55199682,81.729,1782.4024158299999,-6.272,-0.0713,81.729,12707.76673669,88.075,81]}]
12-18 12:18 engineio.server INFO     0983b089aeee46ef859b6966761bdd3b: Sending packet MESSAGE data 2["event",{"symbol":"tBSVUSD","data":[81.728,994.55199682,81.729,1782.4024158299999,-6.272,-0.0713,81.729,12707.76673669,88.075,81]}]
12-18 12:18 werkzeug     INFO     127.0.0.1 - - [18/Dec/2019 12:18:31] "GET /socket.io/?EIO=3&transport=polling&t=MyNSNqO&sid=0983b089aeee46ef859b6966761bdd3b HTTP/1.1" 200 -
12-18 12:18 socketio.server INFO     emitting event "event" to all [/]
12-18 12:18 engineio.server INFO     662a9d424187461e96933ccf1865bf9a: Client is gone, closing socket
12-18 12:18 theProject.server.events INFO     socketio: 662a9d424187461e96933ccf1865bf9a disconnected
12-18 12:18 engineio.server INFO     662a9d424187461e96933ccf1865bf9a: Client is gone, closing socket
12-18 12:18 engineio.server INFO     5fd5fbd7166f43aab2e7bd57aa402894: Sending packet MESSAGE data 2["event",{"symbol":"tLTCUSD","data":[37.702,3024.95131935,37.721,2579.05847169,-2.256,-0.0565,37.692,99198.82550762,40.014,36.417]}]
12-18 12:18 engineio.server INFO     0983b089aeee46ef859b6966761bdd3b: Sending packet MESSAGE data 2["event",{"symbol":"tLTCUSD","data":[37.702,3024.95131935,37.721,2579.05847169,-2.256,-0.0565,37.692,99198.82550762,40.014,36.417]}]
12-18 12:18 werkzeug     INFO     127.0.0.1 - - [18/Dec/2019 12:18:37] "GET /socket.io/?EIO=3&transport=polling&t=MyNSNrH&sid=0983b089aeee46ef859b6966761bdd3b HTTP/1.1" 200 -
12-18 12:18 socketio.server INFO     emitting event "event" to all [/]
12-18 12:18 engineio.server INFO     5fd5fbd7166f43aab2e7bd57aa402894: Sending packet MESSAGE data 2["event",{"symbol":"tETHUSD","data":[124.06,1613.05932649,124.07,1335.0662146600002,-8.55659135,-0.0645,124.06,108411.30394544,133,120.35]}]
12-18 12:18 engineio.server INFO     0983b089aeee46ef859b6966761bdd3b: Sending packet MESSAGE data 2["event",{"symbol":"tETHUSD","data":[124.06,1613.05932649,124.07,1335.0662146600002,-8.55659135,-0.0645,124.06,108411.30394544,133,120.35]}]
12-18 12:18 werkzeug     INFO     127.0.0.1 - - [18/Dec/2019 12:18:37] "GET /socket.io/?EIO=3&transport=polling&t=MyNSPLK&sid=0983b089aeee46ef859b6966761bdd3b HTTP/1.1" 200 -
12-18 12:18 socketio.server INFO     emitting event "event" to all [/]
12-18 12:18 engineio.server INFO     5fd5fbd7166f43aab2e7bd57aa402894: Sending packet MESSAGE data 2["event",{"symbol":"tXRPUSD","data":[0.1858,563473.47422713,0.186,634536.34565244,-0.01302,-0.0654,0.186,55153949.71016588,0.19912,0.17854]}]
12-18 12:18 engineio.server INFO     0983b089aeee46ef859b6966761bdd3b: Sending packet MESSAGE data 2["event",{"symbol":"tXRPUSD","data":[0.1858,563473.47422713,0.186,634536.34565244,-0.01302,-0.0654,0.186,55153949.71016588,0.19912,0.17854]}]
12-18 12:18 socketio.server INFO     emitting event "event" to all [/]
12-18 12:18 engineio.server INFO     5fd5fbd7166f43aab2e7bd57aa402894: Sending packet MESSAGE data 2["event",{"symbol":"tNEOUSD","data":[8.113,7068.1847436,8.1185,9839.84706563,-0.214,-0.0257,8.113,77712.2678056,8.4261,7.78]}]
12-18 12:18 engineio.server INFO     0983b089aeee46ef859b6966761bdd3b: Sending packet MESSAGE data 2["event",{"symbol":"tNEOUSD","data":[8.113,7068.1847436,8.1185,9839.84706563,-0.214,-0.0257,8.113,77712.2678056,8.4261,7.78]}]
12-18 12:18 werkzeug     INFO     127.0.0.1 - - [18/Dec/2019 12:18:37] "GET /socket.io/?EIO=3&transport=polling&t=MyNSPLX&sid=0983b089aeee46ef859b6966761bdd3b HTTP/1.1" 200 -
12-18 12:18 socketio.server INFO     emitting event "event" to all [/]
12-18 12:18 engineio.server INFO     5fd5fbd7166f43aab2e7bd57aa402894: Client is gone, closing socket
12-18 12:18 theProject.server.events INFO     socketio: 5fd5fbd7166f43aab2e7bd57aa402894 disconnected
12-18 12:18 engineio.server INFO     5fd5fbd7166f43aab2e7bd57aa402894: Client is gone, closing socket
12-18 12:18 engineio.server INFO     0983b089aeee46ef859b6966761bdd3b: Sending packet MESSAGE data 2["event",{"symbol":"tBTCUSD","data":[6705.5,28.703671670000006,6705.6,43.199510440000005,-224.5,-0.0324,6705.6,12314.84205187,6972,6620]}]
12-18 12:18 socketio.server INFO     emitting event "event" to all [/]
12-18 12:18 werkzeug     INFO     127.0.0.1 - - [18/Dec/2019 12:18:44] "GET /socket.io/?EIO=3&transport=polling&t=MyNSPQM&sid=0983b089aeee46ef859b6966761bdd3b HTTP/1.1" 200 -
12-18 12:18 engineio.server INFO     0983b089aeee46ef859b6966761bdd3b: Sending packet MESSAGE data 2["event",{"symbol":"tETHUSD","data":[124.07,1888.4569836999997,124.1,1615.4022346900001,-8.54659135,-0.0644,124.07,108414.90394544,133,120.35]}]
12-18 12:18 werkzeug     INFO     127.0.0.1 - - [18/Dec/2019 12:18:44] "GET /socket.io/?EIO=3&transport=polling&t=MyNSR2N&sid=0983b089aeee46ef859b6966761bdd3b HTTP/1.1" 200 -
12-18 12:18 socketio.server INFO     emitting event "event" to all [/]
12-18 12:18 engineio.server INFO     0983b089aeee46ef859b6966761bdd3b: Sending packet MESSAGE data 2["event",{"symbol":"tLTCUSD","data":[37.702,2809.0595773200002,37.718,2818.4082327399997,-2.256,-0.0565,37.692,99198.82550762,40.014,36.417]}]
12-18 12:18 socketio.server INFO     emitting event "event" to all [/]
12-18 12:18 engineio.server INFO     0983b089aeee46ef859b6966761bdd3b: Sending packet MESSAGE data 2["event",{"symbol":"tXRPUSD","data":[0.18582,533404.17048239,0.186,605548.76695901,-0.01302,-0.0654,0.186,55153949.71016588,0.19912,0.17854]}]
12-18 12:18 socketio.server INFO     emitting event "event" to all [/]
12-18 12:18 engineio.server INFO     0983b089aeee46ef859b6966761bdd3b: Sending packet MESSAGE data 2["event",{"symbol":"tNEOUSD","data":[8.113,7084.23692447,8.1175,9873.72858291,-0.214,-0.0257,8.113,77712.2678056,8.4261,7.78]}]
12-18 12:18 werkzeug     INFO     127.0.0.1 - - [18/Dec/2019 12:18:44] "GET /socket.io/?EIO=3&transport=polling&t=MyNSR2V&sid=0983b089aeee46ef859b6966761bdd3b HTTP/1.1" 200 -
12-18 12:18 socketio.server INFO     emitting event "event" to all [/]
12-18 12:18 engineio.server INFO     0983b089aeee46ef859b6966761bdd3b: Sending packet MESSAGE data 2["event",{"symbol":"tBTCUSD","data":[6705.5,32.19189782,6705.6,48.21697586,-224.6,-0.0324,6705.5,12314.84376001,6972,6620]}]
12-18 12:18 werkzeug     INFO     127.0.0.1 - - [18/Dec/2019 12:18:51] "GET /socket.io/?EIO=3&transport=polling&t=MyNSR7L&sid=0983b089aeee46ef859b6966761bdd3b HTTP/1.1" 200 -
12-18 12:18 socketio.server INFO     emitting event "event" to all [/]
12-18 12:18 engineio.server INFO     0983b089aeee46ef859b6966761bdd3b: Sending packet MESSAGE data 2["event",{"symbol":"tETHUSD","data":[124.03,2303.3472552399994,124.05,1027.1410996999998,-8.54659135,-0.0644,124.07,108414.90394544,133,120.35]}]
12-18 12:18 werkzeug     INFO     127.0.0.1 - - [18/Dec/2019 12:18:51] "GET /socket.io/?EIO=3&transport=polling&t=MyNSSlc&sid=0983b089aeee46ef859b6966761bdd3b HTTP/1.1" 200 -
12-18 12:18 socketio.server INFO     emitting event "event" to all [/]
12-18 12:18 engineio.server INFO     0983b089aeee46ef859b6966761bdd3b: Sending packet MESSAGE data 2["event",{"symbol":"tLTCUSD","data":[37.702,2733.1821361499997,37.713,2773.30445031,-2.256,-0.0565,37.692,99198.82550762,40.014,36.417]}]
12-18 12:18 socketio.server INFO     emitting event "event" to all [/]
12-18 12:18 engineio.server INFO     0983b089aeee46ef859b6966761bdd3b: Sending packet MESSAGE data 2["event",{"symbol":"tXRPUSD","data":[0.18585,503882.11910076987,0.186,514227.08614219,-0.01302,-0.0654,0.186,55153949.71016588,0.19912,0.17854]}]
12-18 12:18 socketio.server INFO     emitting event "event" to all [/]
12-18 12:18 engineio.server INFO     0983b089aeee46ef859b6966761bdd3b: Sending packet MESSAGE data 2["event",{"symbol":"tNEOUSD","data":[8.113,7084.27325803,8.1169,9899.26114285,-0.214,-0.0257,8.113,77712.2678056,8.4261,7.78]}]
12-18 12:18 werkzeug     INFO     127.0.0.1 - - [18/Dec/2019 12:18:51] "GET /socket.io/?EIO=3&transport=polling&t=MyNSSll&sid=0983b089aeee46ef859b6966761bdd3b HTTP/1.1" 200 -
12-18 12:18 engineio.server INFO     0983b089aeee46ef859b6966761bdd3b: Received packet PING data None
12-18 12:18 engineio.server INFO     0983b089aeee46ef859b6966761bdd3b: Sending packet PONG data None
12-18 12:18 werkzeug     INFO     127.0.0.1 - - [18/Dec/2019 12:18:54] "POST /socket.io/?EIO=3&transport=polling&t=MyNSTZR&sid=0983b089aeee46ef859b6966761bdd3b HTTP/1.1" 200 -
12-18 12:18 werkzeug     INFO     127.0.0.1 - - [18/Dec/2019 12:18:54] "GET /socket.io/?EIO=3&transport=polling&t=MyNSSqa&sid=0983b089aeee46ef859b6966761bdd3b HTTP/1.1" 200 -
12-18 12:18 socketio.server INFO     emitting event "event" to all [/]
12-18 12:18 engineio.server INFO     0983b089aeee46ef859b6966761bdd3b: Sending packet MESSAGE data 2["event",{"symbol":"tETHUSD","data":[124.05,2117.38938083,124.06,1243.7057065,-8.54659135,-0.0644,124.07,108414.90394544,133,120.35]}]
12-18 12:18 werkzeug     INFO     127.0.0.1 - - [18/Dec/2019 12:18:58] "GET /socket.io/?EIO=3&transport=polling&t=MyNSTZa&sid=0983b089aeee46ef859b6966761bdd3b HTTP/1.1" 200 -
12-18 12:18 socketio.server INFO     emitting event "event" to all [/]
12-18 12:18 engineio.server INFO     0983b089aeee46ef859b6966761bdd3b: Sending packet MESSAGE data 2["event",{"symbol":"tLTCUSD","data":[37.712,2872.68152949,37.733,2569.27399453,-2.256,-0.0565,37.692,99198.82550762,40.014,36.417]}]
12-18 12:18 werkzeug     INFO     127.0.0.1 - - [18/Dec/2019 12:18:58] "GET /socket.io/?EIO=3&transport=polling&t=MyNSUTa&sid=0983b089aeee46ef859b6966761bdd3b HTTP/1.1" 200 -
12-18 12:18 socketio.server INFO     emitting event "event" to all [/]
12-18 12:18 engineio.server INFO     0983b089aeee46ef859b6966761bdd3b: Sending packet MESSAGE data 2["event",{"symbol":"tNEOUSD","data":[8.113,7124.26487628,8.1163,10036.23085401,-0.214,-0.0257,8.113,77712.2678056,8.4261,7.78]}]
12-18 12:18 werkzeug     INFO     127.0.0.1 - - [18/Dec/2019 12:18:58] "GET /socket.io/?EIO=3&transport=polling&t=MyNSUTg&sid=0983b089aeee46ef859b6966761bdd3b HTTP/1.1" 200 -
12-18 12:19 socketio.server INFO     emitting event "event" to all [/]
12-18 12:19 engineio.server INFO     0983b089aeee46ef859b6966761bdd3b: Sending packet MESSAGE data 2["event",{"symbol":"tETHUSD","data":[124.05,1995.2026011999994,124.08,1529.71105919,-8.54659135,-0.0644,124.07,108414.90394544,133,120.35]}]
12-18 12:19 werkzeug     INFO     127.0.0.1 - - [18/Dec/2019 12:19:05] "GET /socket.io/?EIO=3&transport=polling&t=MyNSUYW&sid=0983b089aeee46ef859b6966761bdd3b HTTP/1.1" 200 -
12-18 12:19 socketio.server INFO     emitting event "event" to all [/]
12-18 12:19 engineio.server INFO     0983b089aeee46ef859b6966761bdd3b: Sending packet MESSAGE data 2["event",{"symbol":"tXRPUSD","data":[0.18586,514271.49209984,0.186,542548.67221267,-0.01302,-0.0654,0.186,55153949.71016588,0.19912,0.17854]}]
12-18 12:19 werkzeug     INFO     127.0.0.1 - - [18/Dec/2019 12:19:05] "GET /socket.io/?EIO=3&transport=polling&t=MyNSWAu&sid=0983b089aeee46ef859b6966761bdd3b HTTP/1.1" 200 -
12-18 12:19 socketio.server INFO     emitting event "event" to all [/]
12-18 12:19 engineio.server INFO     0983b089aeee46ef859b6966761bdd3b: Sending packet MESSAGE data 2["event",{"symbol":"tNEOUSD","data":[8.113,9584.46883453,8.1161,10057.87835631,-0.2109,-0.0253,8.1161,77716.4678056,8.4261,7.78]}]
12-18 12:19 werkzeug     INFO     127.0.0.1 - - [18/Dec/2019 12:19:05] "GET /socket.io/?EIO=3&transport=polling&t=MyNSWBN&sid=0983b089aeee46ef859b6966761bdd3b HTTP/1.1" 200 -
12-18 12:19 socketio.server INFO     emitting event "event" to all [/]
12-18 12:19 engineio.server INFO     0983b089aeee46ef859b6966761bdd3b: Sending packet MESSAGE data 2["event",{"symbol":"tETHUSD","data":[124.05,2076.8922025299994,124.06,1161.86293807,-8.54659135,-0.0644,124.07,108414.90394544,133,120.35]}]
12-18 12:19 werkzeug     INFO     127.0.0.1 - - [18/Dec/2019 12:19:12] "GET /socket.io/?EIO=3&transport=polling&t=MyNSWGF&sid=0983b089aeee46ef859b6966761bdd3b HTTP/1.1" 200 -
12-18 12:19 socketio.server INFO     emitting event "event" to all [/]
12-18 12:19 engineio.server INFO     0983b089aeee46ef859b6966761bdd3b: Sending packet MESSAGE data 2["event",{"symbol":"tXRPUSD","data":[0.18588,530180.19059818,0.186,618879.181788,-0.01302,-0.0654,0.186,55153949.71016588,0.19912,0.17854]}]
12-18 12:19 werkzeug     INFO     127.0.0.1 - - [18/Dec/2019 12:19:12] "GET /socket.io/?EIO=3&transport=polling&t=MyNSXu5&sid=0983b089aeee46ef859b6966761bdd3b HTTP/1.1" 200 -
12-18 12:19 socketio.server INFO     emitting event "event" to all [/]
12-18 12:19 engineio.server INFO     0983b089aeee46ef859b6966761bdd3b: Sending packet MESSAGE data 2["event",{"symbol":"tXRPUSD","data":[0.1859,530148.53610706,0.186,601677.0070966,-0.01302,-0.0654,0.186,55153949.71016588,0.19912,0.17854]}]
12-18 12:19 werkzeug     INFO     127.0.0.1 - - [18/Dec/2019 12:19:19] "GET /socket.io/?EIO=3&transport=polling&t=MyNSXvK&sid=0983b089aeee46ef859b6966761bdd3b HTTP/1.1" 200 -
12-18 12:19 socketio.server INFO     emitting event "event" to all [/]
12-18 12:19 engineio.server INFO     0983b089aeee46ef859b6966761bdd3b: Sending packet MESSAGE data 2["event",{"symbol":"tNEOUSD","data":[8.113,6856.46158976,8.1161,10112.00553045,-0.214,-0.0257,8.113,77748.4678056,8.4261,7.78]}]
12-18 12:19 werkzeug     INFO     127.0.0.1 - - [18/Dec/2019 12:19:19] "GET /socket.io/?EIO=3&transport=polling&t=MyNSZbg&sid=0983b089aeee46ef859b6966761bdd3b HTTP/1.1" 200 -
12-18 12:19 engineio.server INFO     0983b089aeee46ef859b6966761bdd3b: Received packet PING data None
12-18 12:19 engineio.server INFO     0983b089aeee46ef859b6966761bdd3b: Sending packet PONG data None
12-18 12:19 werkzeug     INFO     127.0.0.1 - - [18/Dec/2019 12:19:19] "GET /socket.io/?EIO=3&transport=polling&t=MyNSZcx&sid=0983b089aeee46ef859b6966761bdd3b HTTP/1.1" 200 -
12-18 12:19 werkzeug     INFO     127.0.0.1 - - [18/Dec/2019 12:19:19] "POST /socket.io/?EIO=3&transport=polling&t=MyNSZgD&sid=0983b089aeee46ef859b6966761bdd3b HTTP/1.1" 200 -
